#options: 1080x1920 fps=30/1 timebase=1/30 bitdepth=8 cabac=1 ref=1 deblock=1:0:0 analyse=0x1:0 me=dia subme=2 psy=1 psy_rd=1.00:0.00 mixed_ref=0 me_range=16 chroma_me=1 trellis=0 8x8dct=0 cqm=0 deadzone=21,11 fast_pskip=1 chroma_qp_offset=0 threads=4 lookahead_threads=1 sliced_threads=0 nr=0 decimate=1 interlaced=0 bluray_compat=0 constrained_intra=0 bframes=3 b_pyramid=2 b_adapt=1 b_bias=0 direct=1 weightb=1 open_gop=0 weightp=2 keyint=250 keyint_min=25 scenecut=40 intra_refresh=0 rc_lookahead=40 rc=abr mbtree=1 bitrate=143928 ratetol=1.0 qcomp=0.60 qpmin=0 qpmax=69 qpstep=4 ip_ratio=1.40 aq=1:1.00
in:0 out:0 type:I dur:2 cpbdur:2 q:0.00 aq:0.02 tex:3552468 mv:301931 misc:489 imb:8160 pmb:0 smb:0 d:- ref:;
in:3 out:1 type:P dur:2 cpbdur:2 q:0.00 aq:0.01 tex:6502121 mv:70449 misc:918 imb:2955 pmb:5203 smb:2 d:- ref:0 ;
in:1 out:2 type:B dur:2 cpbdur:2 q:0.00 aq:0.33 tex:5482094 mv:112540 misc:982 imb:974 pmb:7168 smb:18 d:- ref:0 ;
in:2 out:3 type:b dur:2 cpbdur:2 q:0.00 aq:0.47 tex:4791069 mv:110254 misc:877 imb:797 pmb:7346 smb:17 d:- ref:0 ;
in:4 out:4 type:P dur:2 cpbdur:2 q:0.00 aq:0.01 tex:3436243 mv:65238 misc:2063 imb:975 pmb:6842 smb:343 d:- ref:0 ;
in:5 out:5 type:P dur:2 cpbdur:2 q:0.00 aq:0.01 tex:2780552 mv:57312 misc:3448 imb:729 pmb:6520 smb:911 d:- ref:0 ;
in:6 out:6 type:P dur:2 cpbdur:2 q:0.12 aq:0.01 tex:1891985 mv:55328 misc:4031 imb:750 pmb:6324 smb:1086 d:- ref:0 ;
in:7 out:7 type:P dur:2 cpbdur:2 q:0.03 aq:0.01 tex:1213355 mv:50228 misc:4905 imb:613 pmb:6006 smb:1541 d:- ref:0 ;
in:8 out:8 type:P dur:2 cpbdur:2 q:0.00 aq:0.01 tex:1044014 mv:34697 misc:6537 imb:236 pmb:5218 smb:2706 d:- ref:0 ;
in:9 out:9 type:P dur:2 cpbdur:2 q:0.00 aq:0.50 tex:773268 mv:29493 misc:6615 imb:138 pmb:4516 smb:3506 d:- ref:0 ;
in:10 out:10 type:P dur:2 cpbdur:2 q:0.00 aq:0.10 tex:731424 mv:26485 misc:7099 imb:127 pmb:4632 smb:3401 d:- ref:0 ;
in:12 out:11 type:P dur:2 cpbdur:2 q:0.00 aq:0.00 tex:2338949 mv:67864 misc:691 imb:5932 pmb:2219 smb:9 d:- ref:0 ;
in:11 out:12 type:b dur:2 cpbdur:2 q:0.00 aq:0.53 tex:509917 mv:29681 misc:6946 imb:41 pmb:4703 smb:3416 d:- ref:0 ;
in:13 out:13 type:P dur:2 cpbdur:2 q:0.00 aq:0.02 tex:686243 mv:18375 misc:5046 imb:42 pmb:2595 smb:5523 d:- ref:0 ;
in:14 out:14 type:P dur:2 cpbdur:2 q:0.00 aq:0.03 tex:448486 mv:17367 misc:4491 imb:77 pmb:2303 smb:5780 d:- ref:0 ;
in:15 out:15 type:P dur:2 cpbdur:2 q:0.00 aq:0.03 tex:436608 mv:16275 misc:4621 imb:94 pmb:2204 smb:5862 d:- ref:0 ;
in:16 out:16 type:P dur:2 cpbdur:2 q:0.00 aq:0.31 tex:389445 mv:18607 misc:4428 imb:77 pmb:2353 smb:5730 d:- ref:0 ;
in:17 out:17 type:P dur:2 cpbdur:2 q:0.00 aq:0.04 tex:423206 mv:15553 misc:4513 imb:75 pmb:2038 smb:6047 d:- ref:0 ;
in:18 out:18 type:P dur:2 cpbdur:2 q:0.00 aq:0.03 tex:382130 mv:20618 misc:4380 imb:53 pmb:2470 smb:5637 d:- ref:0 ;
in:19 out:19 type:P dur:2 cpbdur:2 q:0.00 aq:0.02 tex:360568 mv:20657 misc:4559 imb:177 pmb:2363 smb:5620 d:- ref:0 ;
in:20 out:20 type:P dur:2 cpbdur:2 q:0.00 aq:0.03 tex:390222 mv:20396 misc:4574 imb:112 pmb:2378 smb:5670 d:- ref:0 ;
in:21 out:21 type:P dur:2 cpbdur:2 q:0.00 aq:0.12 tex:400183 mv:20743 misc:4730 imb:79 pmb:2480 smb:5601 d:- ref:0 ;
in:22 out:22 type:P dur:2 cpbdur:2 q:0.00 aq:0.22 tex:421291 mv:17333 misc:4528 imb:100 pmb:2211 smb:5849 d:- ref:0 ;
in:24 out:23 type:P dur:2 cpbdur:2 q:0.00 aq:0.01 tex:2340867 mv:80175 misc:710 imb:3506 pmb:4636 smb:18 d:- ref:0 ;
in:23 out:24 type:b dur:2 cpbdur:2 q:0.00 aq:0.96 tex:317979 mv:28712 misc:5029 imb:89 pmb:3082 smb:4989 d:- ref:0 ;
in:25 out:25 type:P dur:2 cpbdur:2 q:0.00 aq:0.01 tex:587291 mv:16303 misc:4446 imb:27 pmb:2365 smb:5768 d:- ref:0 ;
in:26 out:26 type:P dur:2 cpbdur:2 q:0.00 aq:0.01 tex:314226 mv:16275 misc:3979 imb:44 pmb:2227 smb:5889 d:- ref:0 ;
in:27 out:27 type:P dur:2 cpbdur:2 q:0.00 aq:0.04 tex:400349 mv:17158 misc:4245 imb:134 pmb:2098 smb:5928 d:- ref:0 ;
in:28 out:28 type:P dur:2 cpbdur:2 q:0.00 aq:0.04 tex:383163 mv:12157 misc:4184 imb:90 pmb:1720 smb:6350 d:- ref:0 ;
in:29 out:29 type:P dur:2 cpbdur:2 q:0.00 aq:0.02 tex:336303 mv:17280 misc:4465 imb:49 pmb:2274 smb:5837 d:- ref:0 ;
in:30 out:30 type:P dur:2 cpbdur:2 q:0.00 aq:0.03 tex:357694 mv:13952 misc:4138 imb:37 pmb:1917 smb:6206 d:- ref:0 ;
in:31 out:31 type:P dur:2 cpbdur:2 q:0.00 aq:0.09 tex:270528 mv:10511 misc:4281 imb:53 pmb:1557 smb:6550 d:- ref:0 ;
in:32 out:32 type:P dur:2 cpbdur:2 q:0.00 aq:0.01 tex:327355 mv:17443 misc:4338 imb:44 pmb:2387 smb:5729 d:- ref:0 ;
in:33 out:33 type:P dur:2 cpbdur:2 q:0.00 aq:0.09 tex:378141 mv:19389 misc:4678 imb:34 pmb:2660 smb:5466 d:- ref:0 ;
in:34 out:34 type:P dur:2 cpbdur:2 q:0.00 aq:0.10 tex:403373 mv:10988 misc:4191 imb:15 pmb:1712 smb:6433 d:- ref:0 ;
in:36 out:35 type:P dur:2 cpbdur:2 q:0.00 aq:0.00 tex:2282999 mv:78242 misc:679 imb:3311 pmb:4831 smb:18 d:- ref:0 ;
in:35 out:36 type:b dur:2 cpbdur:2 q:0.00 aq:1.05 tex:287089 mv:23548 misc:4363 imb:23 pmb:2762 smb:5375 d:- ref:0 ;
in:37 out:37 type:P dur:2 cpbdur:2 q:0.00 aq:0.01 tex:578805 mv:19328 misc:4771 imb:67 pmb:2620 smb:5473 d:- ref:0 ;
in:38 out:38 type:P dur:2 cpbdur:2 q:0.00 aq:0.02 tex:360361 mv:7549 misc:4210 imb:12 pmb:1512 smb:6636 d:- ref:0 ;
in:39 out:39 type:P dur:2 cpbdur:2 q:0.00 aq:0.03 tex:353254 mv:15395 misc:4231 imb:21 pmb:2251 smb:5888 d:- ref:0 ;
in:40 out:40 type:P dur:2 cpbdur:2 q:0.00 aq:0.00 tex:367062 mv:16250 misc:4392 imb:86 pmb:2193 smb:5881 d:- ref:0 ;
in:41 out:41 type:P dur:2 cpbdur:2 q:0.00 aq:0.04 tex:309945 mv:13871 misc:4168 imb:63 pmb:1935 smb:6162 d:- ref:0 ;
in:42 out:42 type:P dur:2 cpbdur:2 q:0.00 aq:0.02 tex:316336 mv:13214 misc:4226 imb:28 pmb:1964 smb:6168 d:- ref:0 ;
in:43 out:43 type:P dur:2 cpbdur:2 q:0.00 aq:0.46 tex:314617 mv:9688 misc:3783 imb:16 pmb:1559 smb:6585 d:- ref:0 ;
in:44 out:44 type:P dur:2 cpbdur:2 q:0.00 aq:0.09 tex:307479 mv:14520 misc:4465 imb:89 pmb:2060 smb:6011 d:- ref:0 ;
in:45 out:45 type:P dur:2 cpbdur:2 q:0.00 aq:0.08 tex:344677 mv:13711 misc:4372 imb:98 pmb:1825 smb:6237 d:- ref:0 ;
in:46 out:46 type:P dur:2 cpbdur:2 q:0.00 aq:0.19 tex:348466 mv:10363 misc:4027 imb:58 pmb:1631 smb:6471 d:- ref:0 ;
in:48 out:47 type:P dur:2 cpbdur:2 q:0.00 aq:0.00 tex:2324643 mv:80223 misc:702 imb:3213 pmb:4931 smb:16 d:- ref:0 ;
in:47 out:48 type:b dur:2 cpbdur:2 q:0.00 aq:1.11 tex:276204 mv:18325 misc:4463 imb:17 pmb:2445 smb:5698 d:- ref:0 ;
in:49 out:49 type:P dur:2 cpbdur:2 q:0.00 aq:0.04 tex:670273 mv:14779 misc:4732 imb:57 pmb:2286 smb:5817 d:- ref:0 ;
in:50 out:50 type:P dur:2 cpbdur:2 q:0.00 aq:0.06 tex:427172 mv:13102 misc:4134 imb:44 pmb:2046 smb:6070 d:- ref:0 ;
in:51 out:51 type:P dur:2 cpbdur:2 q:0.00 aq:0.04 tex:382594 mv:14836 misc:4394 imb:53 pmb:2201 smb:5906 d:- ref:0 ;
in:52 out:52 type:P dur:2 cpbdur:2 q:0.00 aq:0.05 tex:413646 mv:14942 misc:4604 imb:72 pmb:2192 smb:5896 d:- ref:0 ;
in:53 out:53 type:P dur:2 cpbdur:2 q:0.00 aq:0.06 tex:348933 mv:8288 misc:4571 imb:33 pmb:1558 smb:6569 d:- ref:0 ;
in:54 out:54 type:P dur:2 cpbdur:2 q:0.00 aq:0.05 tex:380462 mv:15510 misc:4644 imb:64 pmb:2188 smb:5908 d:- ref:0 ;
in:55 out:55 type:P dur:2 cpbdur:2 q:0.00 aq:0.03 tex:350342 mv:12249 misc:4225 imb:39 pmb:1835 smb:6286 d:- ref:0 ;
in:56 out:56 type:P dur:2 cpbdur:2 q:0.00 aq:0.06 tex:328803 mv:14380 misc:4289 imb:27 pmb:2100 smb:6033 d:- ref:0 ;
in:57 out:57 type:P dur:2 cpbdur:2 q:0.00 aq:0.51 tex:309733 mv:8955 misc:4152 imb:53 pmb:1406 smb:6701 d:- ref:0 ;
in:58 out:58 type:P dur:2 cpbdur:2 q:0.00 aq:0.09 tex:328296 mv:15754 misc:4414 imb:69 pmb:2152 smb:5939 d:- ref:0 ;
in:60 out:59 type:P dur:2 cpbdur:2 q:0.00 aq:0.00 tex:2481081 mv:81291 misc:628 imb:3007 pmb:5148 smb:5 d:- ref:0 ;
in:59 out:60 type:b dur:2 cpbdur:2 q:0.00 aq:1.26 tex:293629 mv:14049 misc:4410 imb:23 pmb:2018 smb:6119 d:- ref:0 ;
in:61 out:61 type:P dur:2 cpbdur:2 q:0.00 aq:0.45 tex:681335 mv:13043 misc:4654 imb:82 pmb:2107 smb:5971 d:- ref:0 ;
in:62 out:62 type:P dur:2 cpbdur:2 q:0.00 aq:0.40 tex:454532 mv:13638 misc:4150 imb:89 pmb:2056 smb:6015 d:- ref:0 ;
in:63 out:63 type:P dur:2 cpbdur:2 q:0.00 aq:0.01 tex:370486 mv:13710 misc:4148 imb:91 pmb:2008 smb:6061 d:- ref:0 ;
in:64 out:64 type:P dur:2 cpbdur:2 q:0.00 aq:0.02 tex:339384 mv:16109 misc:4227 imb:34 pmb:2322 smb:5804 d:- ref:0 ;
in:65 out:65 type:P dur:2 cpbdur:2 q:0.00 aq:0.01 tex:350326 mv:10333 misc:4429 imb:83 pmb:1585 smb:6492 d:- ref:0 ;
in:66 out:66 type:P dur:2 cpbdur:2 q:0.00 aq:0.03 tex:287286 mv:7811 misc:4383 imb:67 pmb:1472 smb:6621 d:- ref:0 ;
in:67 out:67 type:P dur:2 cpbdur:2 q:0.00 aq:0.02 tex:323915 mv:8483 misc:4146 imb:28 pmb:1572 smb:6560 d:- ref:0 ;
in:68 out:68 type:P dur:2 cpbdur:2 q:0.00 aq:0.08 tex:329491 mv:11643 misc:4162 imb:17 pmb:1936 smb:6207 d:- ref:0 ;
in:69 out:69 type:P dur:2 cpbdur:2 q:0.00 aq:0.06 tex:345098 mv:15504 misc:4414 imb:98 pmb:2118 smb:5944 d:- ref:0 ;
in:70 out:70 type:P dur:2 cpbdur:2 q:0.00 aq:0.20 tex:320657 mv:11563 misc:4476 imb:66 pmb:1783 smb:6311 d:- ref:0 ;
in:72 out:71 type:P dur:2 cpbdur:2 q:0.00 aq:0.01 tex:2323314 mv:79129 misc:693 imb:3319 pmb:4828 smb:13 d:- ref:0 ;
in:71 out:72 type:b dur:2 cpbdur:2 q:0.00 aq:1.14 tex:251526 mv:8247 misc:4587 imb:12 pmb:1455 smb:6693 d:- ref:0 ;
in:73 out:73 type:P dur:2 cpbdur:2 q:0.00 aq:0.14 tex:650717 mv:11139 misc:4752 imb:24 pmb:2083 smb:6053 d:- ref:0 ;
in:74 out:74 type:P dur:2 cpbdur:2 q:0.00 aq:0.13 tex:444179 mv:13257 misc:4148 imb:32 pmb:1956 smb:6172 d:- ref:0 ;
in:75 out:75 type:P dur:2 cpbdur:2 q:0.00 aq:0.28 tex:337432 mv:28280 misc:4976 imb:68 pmb:3280 smb:4812 d:- ref:0 ;
in:76 out:76 type:P dur:2 cpbdur:2 q:0.00 aq:0.15 tex:359478 mv:19914 misc:4272 imb:40 pmb:2346 smb:5774 d:- ref:0 ;
in:77 out:77 type:P dur:2 cpbdur:2 q:0.00 aq:0.43 tex:273478 mv:27020 misc:4782 imb:52 pmb:3133 smb:4975 d:- ref:0 ;
in:78 out:78 type:P dur:2 cpbdur:2 q:0.00 aq:1.14 tex:309134 mv:22070 misc:4836 imb:110 pmb:2500 smb:5550 d:- ref:0 ;
